  Скопировано файлов:         1.
  Скопировано файлов:         1.
  Скопировано файлов:         1.
  Скопировано файлов:         1.
  Скопировано файлов:         1.
  Скопировано файлов:         1.
  Подпапка или файл D:\University\C++\Labs\Lab_3\x64\Debug Dynamic\resources уже существует.
  D:\University\C++\Labs\Lab_3\resources\ball.wav
  D:\University\C++\Labs\Lab_3\resources\sansation.ttf
  Скопировано файлов:         2.
  Menu.cpp
D:\University\C++\Labs\Lab_3\Menu.cpp(51,31): warning C4267: =: преобразование из "size_t" в "int"; возможна потеря данных
D:\University\C++\Labs\Lab_3\Menu.cpp(65,38): warning C4267: =: преобразование из "size_t" в "int"; возможна потеря данных
D:\University\C++\Labs\Lab_3\Menu.cpp(84,32): warning C4267: =: преобразование из "size_t" в "int"; возможна потеря данных
D:\University\C++\Labs\Lab_3\Menu.cpp(87,32): warning C4267: =: преобразование из "size_t" в "int"; возможна потеря данных
D:\University\C++\Labs\Lab_3\Menu.cpp(97,34): warning C4267: =: преобразование из "size_t" в "int"; возможна потеря данных
D:\University\C++\Labs\Lab_3\Menu.cpp(100,36): warning C4267: =: преобразование из "size_t" в "int"; возможна потеря данных
D:\University\C++\Labs\Lab_3\Menu.cpp(106,37): warning C4267: =: преобразование из "size_t" в "int"; возможна потеря данных
D:\University\C++\Labs\Lab_3\Menu.cpp(112,39): warning C4267: =: преобразование из "size_t" в "int"; возможна потеря данных
D:\University\C++\Labs\Lab_3\Menu.cpp(121,34): warning C4267: =: преобразование из "size_t" в "int"; возможна потеря данных
D:\University\C++\Labs\Lab_3\Menu.cpp(124,32): warning C4267: =: преобразование из "size_t" в "int"; возможна потеря данных
D:\University\C++\Labs\Lab_3\Menu.cpp(131,32): warning C4267: =: преобразование из "size_t" в "int"; возможна потеря данных
D:\University\C++\Labs\Lab_3\Menu.cpp(141,34): warning C4267: =: преобразование из "size_t" в "int"; возможна потеря данных
D:\University\C++\Labs\Lab_3\Menu.cpp(144,32): warning C4267: =: преобразование из "size_t" в "int"; возможна потеря данных
D:\University\C++\Labs\Lab_3\Menu.cpp(154,34): warning C4267: =: преобразование из "size_t" в "int"; возможна потеря данных
D:\University\C++\Labs\Lab_3\Menu.cpp(157,32): warning C4267: =: преобразование из "size_t" в "int"; возможна потеря данных
D:\University\C++\Labs\Lab_3\Menu.cpp(169,67): warning C4244: аргумент: преобразование "unsigned int" в "T", возможна потеря данных
          with
          [
              T=float
          ]
D:\University\C++\Labs\Lab_3\Menu.cpp(169,60): warning C4244: аргумент: преобразование "unsigned int" в "T", возможна потеря данных
          with
          [
              T=float
          ]
D:\University\C++\Labs\Lab_3\Menu.cpp(178,34): warning C4267: =: преобразование из "size_t" в "int"; возможна потеря данных
D:\University\C++\Labs\Lab_3\Menu.cpp(194,32): warning C4267: =: преобразование из "size_t" в "int"; возможна потеря данных
D:\University\C++\Labs\Lab_3\Menu.cpp(197,32): warning C4267: =: преобразование из "size_t" в "int"; возможна потеря данных
D:\University\C++\Labs\Lab_3\Menu.cpp(207,38): warning C4267: =: преобразование из "size_t" в "int"; возможна потеря данных
D:\University\C++\Labs\Lab_3\Menu.cpp(210,32): warning C4267: =: преобразование из "size_t" в "int"; возможна потеря данных
D:\University\C++\Labs\Lab_3\Menu.cpp(217,32): warning C4267: =: преобразование из "size_t" в "int"; возможна потеря данных
D:\University\C++\Labs\Lab_3\Menu.cpp(227,34): warning C4267: =: преобразование из "size_t" в "int"; возможна потеря данных
D:\University\C++\Labs\Lab_3\Menu.cpp(230,32): warning C4267: =: преобразование из "size_t" в "int"; возможна потеря данных
D:\University\C++\Labs\Lab_3\Menu.cpp(237,32): warning C4267: =: преобразование из "size_t" в "int"; возможна потеря данных
D:\University\C++\Labs\Lab_3\Menu.cpp(247,34): warning C4267: =: преобразование из "size_t" в "int"; возможна потеря данных
D:\University\C++\Labs\Lab_3\Menu.cpp(250,32): warning C4267: =: преобразование из "size_t" в "int"; возможна потеря данных
D:\University\C++\Labs\Lab_3\Menu.cpp(262,58): warning C4244: аргумент: преобразование "unsigned int" в "T", возможна потеря данных
          with
          [
              T=float
          ]
D:\University\C++\Labs\Lab_3\Menu.cpp(262,51): warning C4244: аргумент: преобразование "unsigned int" в "T", возможна потеря данных
          with
          [
              T=float
          ]
D:\University\C++\Labs\Lab_3\Menu.cpp(262,86): warning C4244: аргумент: преобразование "unsigned int" в "T", возможна потеря данных
          with
          [
              T=float
          ]
D:\University\C++\Labs\Lab_3\Menu.cpp(262,80): warning C4244: аргумент: преобразование "unsigned int" в "T", возможна потеря данных
          with
          [
              T=float
          ]
D:\University\C++\Labs\Lab_3\Menu.cpp(267,36): warning C4267: =: преобразование из "size_t" в "int"; возможна потеря данных
D:\University\C++\Labs\Lab_3\Menu.cpp(275,34): warning C4267: =: преобразование из "size_t" в "int"; возможна потеря данных
D:\University\C++\Labs\Lab_3\Menu.cpp(289,32): warning C4267: =: преобразование из "size_t" в "int"; возможна потеря данных
D:\University\C++\Labs\Lab_3\Menu.cpp(292,32): warning C4267: =: преобразование из "size_t" в "int"; возможна потеря данных
D:\University\C++\Labs\Lab_3\Menu.cpp(302,34): warning C4267: =: преобразование из "size_t" в "int"; возможна потеря данных
D:\University\C++\Labs\Lab_3\Menu.cpp(305,32): warning C4267: =: преобразование из "size_t" в "int"; возможна потеря данных
D:\University\C++\Labs\Lab_3\Menu.cpp(315,34): warning C4267: =: преобразование из "size_t" в "int"; возможна потеря данных
D:\University\C++\Labs\Lab_3\Menu.cpp(318,32): warning C4267: =: преобразование из "size_t" в "int"; возможна потеря данных
D:\University\C++\Labs\Lab_3\Menu.cpp(325,32): warning C4267: =: преобразование из "size_t" в "int"; возможна потеря данных
D:\University\C++\Labs\Lab_3\Menu.cpp(337,55): warning C4244: аргумент: преобразование "unsigned int" в "T", возможна потеря данных
          with
          [
              T=float
          ]
D:\University\C++\Labs\Lab_3\Menu.cpp(337,48): warning C4244: аргумент: преобразование "unsigned int" в "T", возможна потеря данных
          with
          [
              T=float
          ]
D:\University\C++\Labs\Lab_3\Menu.cpp(347,38): warning C4267: =: преобразование из "size_t" в "int"; возможна потеря данных
D:\University\C++\Labs\Lab_3\Menu.cpp(366,32): warning C4267: =: преобразование из "size_t" в "int"; возможна потеря данных
D:\University\C++\Labs\Lab_3\Menu.cpp(369,32): warning C4267: =: преобразование из "size_t" в "int"; возможна потеря данных
D:\University\C++\Labs\Lab_3\Menu.cpp(379,34): warning C4267: =: преобразование из "size_t" в "int"; возможна потеря данных
D:\University\C++\Labs\Lab_3\Menu.cpp(382,36): warning C4267: =: преобразование из "size_t" в "int"; возможна потеря данных
D:\University\C++\Labs\Lab_3\Menu.cpp(388,37): warning C4267: =: преобразование из "size_t" в "int"; возможна потеря данных
D:\University\C++\Labs\Lab_3\Menu.cpp(394,39): warning C4267: =: преобразование из "size_t" в "int"; возможна потеря данных
D:\University\C++\Labs\Lab_3\Menu.cpp(403,34): warning C4267: =: преобразование из "size_t" в "int"; возможна потеря данных
D:\University\C++\Labs\Lab_3\Menu.cpp(406,32): warning C4267: =: преобразование из "size_t" в "int"; возможна потеря данных
D:\University\C++\Labs\Lab_3\Menu.cpp(413,32): warning C4267: =: преобразование из "size_t" в "int"; возможна потеря данных
D:\University\C++\Labs\Lab_3\Menu.cpp(423,34): warning C4267: =: преобразование из "size_t" в "int"; возможна потеря данных
D:\University\C++\Labs\Lab_3\Menu.cpp(426,32): warning C4267: =: преобразование из "size_t" в "int"; возможна потеря данных
D:\University\C++\Labs\Lab_3\Menu.cpp(436,34): warning C4267: =: преобразование из "size_t" в "int"; возможна потеря данных
D:\University\C++\Labs\Lab_3\Menu.cpp(439,32): warning C4267: =: преобразование из "size_t" в "int"; возможна потеря данных
D:\University\C++\Labs\Lab_3\Menu.cpp(451,67): warning C4244: аргумент: преобразование "unsigned int" в "T", возможна потеря данных
          with
          [
              T=float
          ]
D:\University\C++\Labs\Lab_3\Menu.cpp(451,60): warning C4244: аргумент: преобразование "unsigned int" в "T", возможна потеря данных
          with
          [
              T=float
          ]
  Window.cpp
D:\University\C++\Labs\Lab_3\Window.cpp(81,35): warning C4244: аргумент: преобразование "T" в "unsigned int", возможна потеря данных
          with
          [
              T=float
          ]
D:\University\C++\Labs\Lab_3\Window.cpp(81,27): warning C4244: аргумент: преобразование "T" в "unsigned int", возможна потеря данных
          with
          [
              T=float
          ]
  Создание кода...
D:\University\C++\Labs\Lab_3\Menu.cpp(497): warning C4715: Menu::GetButton: значение возвращается не при всех путях выполнения
D:\University\C++\Labs\Lab_3\Menu.cpp(508): warning C4715: Menu::GetWindow: значение возвращается не при всех путях выполнения
D:\University\C++\Labs\Lab_3\Menu.cpp(519): warning C4715: Menu::GetDialogBox: значение возвращается не при всех путях выполнения
  Lab_3.vcxproj -> D:\University\C++\Labs\Lab_3\x64\Debug Dynamic\Lab_3.exe
